[debug] > Exec(early(addDefaultCommands), None, None)
[debug] > Exec(addDefaultCommands, None, None)
[debug] > Exec(early(initialize), None, None)
[debug] > Exec(initialize, None, None)
[debug] > Exec(early(addPluginSbtFile="""C:\Users\godov\AppData\Local\Temp\idea.sbt"""), None, None)
[debug] > Exec(addPluginSbtFile="""C:\Users\godov\AppData\Local\Temp\idea.sbt""", None, None)
[debug] > Exec(boot, None, None)
[debug] > Exec(writeSbtVersion, None, None)
[debug] > Exec(reload, None, None)
[debug] > Exec(sbtStashOnFailure, None, None)
[debug] > Exec(onFailure loadFailed, None, None)
[debug] > Exec(loadp, None, None)
[info] welcome to sbt 1.5.2 (Oracle Corporation Java 16.0.1)
[debug]       Load.loadUnit: plugins took 67.219ms
[debug]       Load.loadUnit: defsScala took 0.2116ms
[debug] [Loading] Scanning directory C:\Users\godov\.sbt\1.0\plugins
[debug] [Loading] Found non-root projects 
[debug] [Loading] Done in C:\Users\godov\.sbt\1.0\plugins, returning: ()
[debug] deducing auto plugins based on known facts Set(Atom(sbt.plugins.CorePlugin)) and clauses Clauses(Clause(Atom(sbt.plugins.JvmPlugin),Set(Atom(sbt.plugins.IvyPlugin)))
[debug] Clause(Atom(sbt.ScriptedPlugin),Set(Atom(sbt.plugins.JvmPlugin)))
[debug] Clause(Atom(sbt.plugins.SbtPlugin),Set(Atom(sbt.ScriptedPlugin)))
[debug] Clause(Atom(sbt.plugins.SemanticdbPlugin),Set(Atom(sbt.plugins.JvmPlugin)))
[debug] Clause(Atom(sbt.plugins.JUnitXmlReportPlugin),Set(Atom(sbt.plugins.JvmPlugin)))
[debug] Clause(Atom(sbt.plugins.MiniDependencyTreePlugin),Set(Atom(sbt.plugins.JvmPlugin)))
[debug] Clause(Atom(sbt.plugins.CorePlugin),Set(Atom(sbt.plugins.IvyPlugin)))
[debug] Clause(Atom(sbt.plugins.IvyPlugin),Set(Atom(sbt.plugins.JvmPlugin)))
[debug] Clause(Atom(sbt.plugins.JvmPlugin),Set(Atom(sbt.plugins.SemanticdbPlugin)))
[debug] Clause(Atom(sbt.plugins.JvmPlugin),Set(Atom(sbt.plugins.JUnitXmlReportPlugin)))
[debug] Clause(Atom(sbt.plugins.CorePlugin),Set(Atom(sbt.plugins.Giter8TemplatePlugin)))
[debug] Clause(Atom(sbt.plugins.JvmPlugin),Set(Atom(sbt.plugins.MiniDependencyTreePlugin))))
[debug]   :: deduced result: Matched(sbt.plugins.CorePlugin,sbt.plugins.Giter8TemplatePlugin,sbt.plugins.IvyPlugin,sbt.plugins.JvmPlugin,sbt.plugins.MiniDependencyTreePlugin,sbt.plugins.JUnitXmlReportPlugin,sbt.plugins.SemanticdbPlugin)
[debug] Plugins.deducer#function took 17.5839 ms
[debug]           Load.resolveProject(global-plugins) took 32.6638ms
[debug]         Load.loadTransitive: finalizeProject(Project(id global-plugins, base: C:\Users\godov\.sbt\1.0\plugins, plugins: List(<none>))) took 70.5488ms
[debug] [Loading] Done in C:\Users\godov\.sbt\1.0\plugins, returning: (global-plugins)
[debug]       Load.loadUnit: loadedProjectsRaw took 86.8902ms
[debug]       Load.loadUnit: cleanEvalClasses took 0.1717ms
[debug]     Load.loadUnit(file:/C:/Users/godov/.sbt/1.0/plugins/, ...) took 160.7318ms
[debug]   Load.apply: load took 291.62ms
[debug]   Load.apply: resolveProjects took 4.8759ms
[debug]   Load.apply: finalTransforms took 41.855ms
[debug]   Load.apply: config.delegates took 6.5616ms
[debug]   Load.apply: Def.make(settings)... took 273.9298ms
[debug]   Load.apply: structureIndex took 75.1019ms
[debug]   Load.apply: mkStreams took 0.929ms
[info] loading global plugins from C:\Users\godov\.sbt\1.0\plugins
[debug] Running task... Cancel: Signal, check cycles: false, forcegc: true
[debug] Load.defaultLoad until apply took 3566.983ms
[debug]           Load.loadUnit: plugins took 16.525ms
[debug]           Load.loadUnit: defsScala took 0.0024ms
[debug] [Loading] Scanning directory D:\Yelizaveta\Учеба\Lab_5\project
[debug]             Load.loadUnit: mkEval took 5.6188ms
[debug] [Loading] Found non-root projects 
[debug] [Loading] Done in D:\Yelizaveta\Учеба\Lab_5\project, returning: ()
[debug] deducing auto plugins based on known facts Set(Atom(sbt.plugins.CorePlugin)) and clauses Clauses(Clause(Atom(sbt.plugins.JvmPlugin),Set(Atom(sbt.plugins.IvyPlugin)))
[debug] Clause(Atom(sbt.ScriptedPlugin),Set(Atom(sbt.plugins.JvmPlugin)))
[debug] Clause(Atom(sbt.plugins.SbtPlugin),Set(Atom(sbt.ScriptedPlugin)))
[debug] Clause(Atom(sbt.plugins.SemanticdbPlugin),Set(Atom(sbt.plugins.JvmPlugin)))
[debug] Clause(Atom(sbt.plugins.JUnitXmlReportPlugin),Set(Atom(sbt.plugins.JvmPlugin)))
[debug] Clause(Atom(sbt.plugins.MiniDependencyTreePlugin),Set(Atom(sbt.plugins.JvmPlugin)))
[debug] Clause(Atom(sbt.plugins.CorePlugin),Set(Atom(sbt.plugins.IvyPlugin)))
[debug] Clause(Atom(sbt.plugins.IvyPlugin),Set(Atom(sbt.plugins.JvmPlugin)))
[debug] Clause(Atom(sbt.plugins.JvmPlugin),Set(Atom(sbt.plugins.SemanticdbPlugin)))
[debug] Clause(Atom(sbt.plugins.JvmPlugin),Set(Atom(sbt.plugins.JUnitXmlReportPlugin)))
[debug] Clause(Atom(sbt.plugins.CorePlugin),Set(Atom(sbt.plugins.Giter8TemplatePlugin)))
[debug] Clause(Atom(sbt.plugins.JvmPlugin),Set(Atom(sbt.plugins.MiniDependencyTreePlugin))))
[debug]   :: deduced result: Matched(sbt.plugins.CorePlugin,sbt.plugins.Giter8TemplatePlugin,sbt.plugins.IvyPlugin,sbt.plugins.JvmPlugin,sbt.plugins.MiniDependencyTreePlugin,sbt.plugins.JUnitXmlReportPlugin,sbt.plugins.SemanticdbPlugin)
[debug] Plugins.deducer#function took 0.996 ms
[info] loading settings for project lab_5-build from idea.sbt ...
[debug]               Load.resolveProject(lab_5-build) took 5.9595ms
[debug]             Load.loadTransitive: finalizeProject(Project(id lab_5-build, base: D:\Yelizaveta\Учеба\Lab_5\project, plugins: List(<none>))) took 7.3344ms
[debug] [Loading] Done in D:\Yelizaveta\Учеба\Lab_5\project, returning: (lab_5-build)
[debug]           Load.loadUnit: loadedProjectsRaw took 1644.2863ms
[debug]           Load.loadUnit: cleanEvalClasses took 4.6734ms
[debug]         Load.loadUnit(file:/D:/Yelizaveta/Учеба/Lab_5/project/, ...) took 1666.1306ms
[debug]       Load.apply: load took 1667.3504ms
[debug]       Load.apply: resolveProjects took 0.1508ms
[debug]       Load.apply: finalTransforms took 38.4189ms
[debug]       Load.apply: config.delegates took 0.2563ms
[debug]       Load.apply: Def.make(settings)... took 124.6148ms
[debug]       Load.apply: structureIndex took 33.3768ms
[debug]       Load.apply: mkStreams took 0.0021ms
[info] loading project definition from D:\Yelizaveta\Учеба\Lab_5\project
[debug] Running task... Cancel: Signal, check cycles: false, forcegc: true
[warn] Unrecognized repository Scala Plugin Bundled Repository, ignoring it
[debug]     Load.loadUnit: plugins took 3351.8667ms
[debug]     Load.loadUnit: defsScala took 0.0024ms
[debug] [Loading] Scanning directory D:\Yelizaveta\Учеба\Lab_5
[debug]       Load.loadUnit: mkEval took 0.3238ms
[debug] [Loading] Found non-root projects 
[debug] [Loading] Done in D:\Yelizaveta\Учеба\Lab_5, returning: ()
[debug] deducing auto plugins based on known facts Set(Atom(sbt.plugins.CorePlugin)) and clauses Clauses(Clause(Atom(sbt.plugins.JvmPlugin),Set(Atom(sbt.plugins.IvyPlugin)))
[debug] Clause(Atom(sbt.ScriptedPlugin),Set(Atom(sbt.plugins.JvmPlugin)))
[debug] Clause(Atom(sbt.plugins.SbtPlugin),Set(Atom(sbt.ScriptedPlugin)))
[debug] Clause(Atom(sbt.plugins.SemanticdbPlugin),Set(Atom(sbt.plugins.JvmPlugin)))
[debug] Clause(Atom(sbt.plugins.JUnitXmlReportPlugin),Set(Atom(sbt.plugins.JvmPlugin)))
[debug] Clause(Atom(sbt.plugins.MiniDependencyTreePlugin),Set(Atom(sbt.plugins.JvmPlugin)))
[debug] Clause(Atom(org.jetbrains.sbt.StructurePlugin),Set(Atom(sbt.plugins.JvmPlugin)))
[debug] Clause(Atom(org.jetbrains.sbt.IdeaShellPlugin),Set(Atom(sbt.plugins.JvmPlugin)))
[debug] Clause(Atom(org.jetbrains.sbt.indices.SbtIntellijIndicesPlugin),Set(Atom(sbt.plugins.JvmPlugin)))
[debug] Clause(Atom(sbt.plugins.CorePlugin),Set(Atom(sbt.plugins.IvyPlugin)))
[debug] Clause(Atom(sbt.plugins.IvyPlugin),Set(Atom(sbt.plugins.JvmPlugin)))
[debug] Clause(Atom(sbt.plugins.JvmPlugin),Set(Atom(sbt.plugins.SemanticdbPlugin)))
[debug] Clause(Atom(sbt.plugins.JvmPlugin),Set(Atom(sbt.plugins.JUnitXmlReportPlugin)))
[debug] Clause(Atom(sbt.plugins.CorePlugin),Set(Atom(sbt.plugins.Giter8TemplatePlugin)))
[debug] Clause(Atom(sbt.plugins.JvmPlugin),Set(Atom(sbt.plugins.MiniDependencyTreePlugin)))
[debug] Clause(Atom(sbt.plugins.JvmPlugin),Set(Atom(org.jetbrains.sbt.StructurePlugin)))
[debug] Clause(Atom(sbt.plugins.JvmPlugin),Set(Atom(org.jetbrains.sbt.IdeaShellPlugin)))
[debug] Clause(And(Set(Atom(sbt.plugins.CorePlugin), Atom(sbt.plugins.JvmPlugin))),Set(Atom(org.jetbrains.sbt.indices.SbtIntellijIndicesPlugin))))
[debug]   :: deduced result: Matched(sbt.plugins.CorePlugin,sbt.plugins.Giter8TemplatePlugin,sbt.plugins.IvyPlugin,sbt.plugins.JvmPlugin,sbt.plugins.SemanticdbPlugin,org.jetbrains.sbt.indices.SbtIntellijIndicesPlugin,sbt.plugins.JUnitXmlReportPlugin,org.jetbrains.sbt.IdeaShellPlugin,org.jetbrains.sbt.StructurePlugin,sbt.plugins.MiniDependencyTreePlugin)
[debug] Plugins.deducer#function took 1.4288 ms
[info] loading settings for project lab_5 from build.sbt ...
[debug]         Load.resolveProject(lab_5) took 28.8454ms
[debug]       Load.loadTransitive: finalizeProject(Project(id lab_5, base: D:\Yelizaveta\Учеба\Lab_5, plugins: List(<none>))) took 31.0362ms
[debug] [Loading] Done in D:\Yelizaveta\Учеба\Lab_5, returning: (lab_5)
[debug]     Load.loadUnit: loadedProjectsRaw took 1170.7102ms
[debug]     Load.loadUnit: cleanEvalClasses took 7.6738ms
[debug]   Load.loadUnit(file:/D:/Yelizaveta/Учеба/Lab_5/, ...) took 4530.8185ms
[debug] Load.apply: load took 4532.9412ms
[debug] Load.apply: resolveProjects took 0.106ms
[debug] Load.apply: finalTransforms took 32.2445ms
[debug] Load.apply: config.delegates took 0.2355ms
[debug] Load.apply: Def.make(settings)... took 152.2048ms
[debug] Load.apply: structureIndex took 21.9716ms
[debug] Load.apply: mkStreams took 0.0028ms
[info] set current project to Lab_5 (in build file:/D:/Yelizaveta/Учеба/Lab_5/)
[debug] > Exec(sbtPopOnFailure, None, None)
[debug] > Exec(resumeFromFailure, None, None)
[debug] > Exec(notifyUsersAboutShell, None, None)
[debug] > Exec(iflast shell, None, None)
[debug] > Exec(; set ideaPort in Global := 59006 ; idea-shell, None, None)
[debug] > Exec(set ideaPort in Global := 59006, None, None)
[info] Defining Global / ideaPort
[info] The new value will be used by Compile / compile, Test / compile
[debug] Defining 
[debug] 	Global / ideaPort
[debug] 
[debug] The new value will be used by 
[debug] 	Compile / compile
[debug] 	Test / compile
[info] Reapplying settings...
[info] set current project to Lab_5 (in build file:/D:/Yelizaveta/Учеба/Lab_5/)
[debug] > Exec(idea-shell, None, None)
