[debug] > Exec(early(addDefaultCommands), None, None)
[debug] > Exec(addDefaultCommands, None, None)
[debug] > Exec(early(initialize), None, None)
[debug] > Exec(initialize, None, None)
[debug] > Exec(early(addPluginSbtFile="""C:\Users\godov\AppData\Local\Temp\idea1.sbt"""), None, None)
[debug] > Exec(addPluginSbtFile="""C:\Users\godov\AppData\Local\Temp\idea1.sbt""", None, None)
[debug] > Exec(boot, None, None)
[debug] > Exec(writeSbtVersion, None, None)
[debug] > Exec(reload, None, None)
[debug] > Exec(sbtStashOnFailure, None, None)
[debug] > Exec(onFailure loadFailed, None, None)
[debug] > Exec(loadp, None, None)
[info] welcome to sbt 1.5.2 (Oracle Corporation Java 16.0.1)
[debug]       Load.loadUnit: plugins took 78.8728ms
[debug]       Load.loadUnit: defsScala took 0.219ms
[debug] [Loading] Scanning directory C:\Users\godov\.sbt\1.0\plugins
[debug] [Loading] Found non-root projects 
[debug] [Loading] Done in C:\Users\godov\.sbt\1.0\plugins, returning: ()
[debug] deducing auto plugins based on known facts Set(Atom(sbt.plugins.CorePlugin)) and clauses Clauses(Clause(Atom(sbt.plugins.JvmPlugin),Set(Atom(sbt.plugins.IvyPlugin)))
[debug] Clause(Atom(sbt.ScriptedPlugin),Set(Atom(sbt.plugins.JvmPlugin)))
[debug] Clause(Atom(sbt.plugins.SbtPlugin),Set(Atom(sbt.ScriptedPlugin)))
[debug] Clause(Atom(sbt.plugins.SemanticdbPlugin),Set(Atom(sbt.plugins.JvmPlugin)))
[debug] Clause(Atom(sbt.plugins.JUnitXmlReportPlugin),Set(Atom(sbt.plugins.JvmPlugin)))
[debug] Clause(Atom(sbt.plugins.MiniDependencyTreePlugin),Set(Atom(sbt.plugins.JvmPlugin)))
[debug] Clause(Atom(sbt.plugins.CorePlugin),Set(Atom(sbt.plugins.IvyPlugin)))
[debug] Clause(Atom(sbt.plugins.IvyPlugin),Set(Atom(sbt.plugins.JvmPlugin)))
[debug] Clause(Atom(sbt.plugins.JvmPlugin),Set(Atom(sbt.plugins.SemanticdbPlugin)))
[debug] Clause(Atom(sbt.plugins.JvmPlugin),Set(Atom(sbt.plugins.JUnitXmlReportPlugin)))
[debug] Clause(Atom(sbt.plugins.CorePlugin),Set(Atom(sbt.plugins.Giter8TemplatePlugin)))
[debug] Clause(Atom(sbt.plugins.JvmPlugin),Set(Atom(sbt.plugins.MiniDependencyTreePlugin))))
[debug]   :: deduced result: Matched(sbt.plugins.CorePlugin,sbt.plugins.Giter8TemplatePlugin,sbt.plugins.IvyPlugin,sbt.plugins.JvmPlugin,sbt.plugins.MiniDependencyTreePlugin,sbt.plugins.JUnitXmlReportPlugin,sbt.plugins.SemanticdbPlugin)
[debug] Plugins.deducer#function took 28.5407 ms
[debug]           Load.resolveProject(global-plugins) took 47.0195ms
[debug]         Load.loadTransitive: finalizeProject(Project(id global-plugins, base: C:\Users\godov\.sbt\1.0\plugins, plugins: List(<none>))) took 101.0855ms
[debug] [Loading] Done in C:\Users\godov\.sbt\1.0\plugins, returning: (global-plugins)
[debug]       Load.loadUnit: loadedProjectsRaw took 140.7237ms
[debug]       Load.loadUnit: cleanEvalClasses took 0.3315ms
[debug]     Load.loadUnit(file:/C:/Users/godov/.sbt/1.0/plugins/, ...) took 238.8156ms
[debug]   Load.apply: load took 499.4635ms
[debug]   Load.apply: resolveProjects took 9.4307ms
[debug]   Load.apply: finalTransforms took 111.5606ms
[debug]   Load.apply: config.delegates took 12.1563ms
[debug]   Load.apply: Def.make(settings)... took 479.2818ms
[debug]   Load.apply: structureIndex took 69.717ms
[debug]   Load.apply: mkStreams took 1.1012ms
[info] loading global plugins from C:\Users\godov\.sbt\1.0\plugins
[debug] Running task... Cancel: Signal, check cycles: false, forcegc: true
[debug] Load.defaultLoad until apply took 2676.1189ms
[debug]           Load.loadUnit: plugins took 21.1433ms
[debug]           Load.loadUnit: defsScala took 0.0031ms
[debug] [Loading] Scanning directory D:\Yelizaveta\Учеба\Lab_5\project
[debug]             Load.loadUnit: mkEval took 3.714ms
[debug] [Loading] Found non-root projects 
[debug] [Loading] Done in D:\Yelizaveta\Учеба\Lab_5\project, returning: ()
[debug] deducing auto plugins based on known facts Set(Atom(sbt.plugins.CorePlugin)) and clauses Clauses(Clause(Atom(sbt.plugins.JvmPlugin),Set(Atom(sbt.plugins.IvyPlugin)))
[debug] Clause(Atom(sbt.ScriptedPlugin),Set(Atom(sbt.plugins.JvmPlugin)))
[debug] Clause(Atom(sbt.plugins.SbtPlugin),Set(Atom(sbt.ScriptedPlugin)))
[debug] Clause(Atom(sbt.plugins.SemanticdbPlugin),Set(Atom(sbt.plugins.JvmPlugin)))
[debug] Clause(Atom(sbt.plugins.JUnitXmlReportPlugin),Set(Atom(sbt.plugins.JvmPlugin)))
[debug] Clause(Atom(sbt.plugins.MiniDependencyTreePlugin),Set(Atom(sbt.plugins.JvmPlugin)))
[debug] Clause(Atom(sbt.plugins.CorePlugin),Set(Atom(sbt.plugins.IvyPlugin)))
[debug] Clause(Atom(sbt.plugins.IvyPlugin),Set(Atom(sbt.plugins.JvmPlugin)))
[debug] Clause(Atom(sbt.plugins.JvmPlugin),Set(Atom(sbt.plugins.SemanticdbPlugin)))
[debug] Clause(Atom(sbt.plugins.JvmPlugin),Set(Atom(sbt.plugins.JUnitXmlReportPlugin)))
[debug] Clause(Atom(sbt.plugins.CorePlugin),Set(Atom(sbt.plugins.Giter8TemplatePlugin)))
[debug] Clause(Atom(sbt.plugins.JvmPlugin),Set(Atom(sbt.plugins.MiniDependencyTreePlugin))))
[debug]   :: deduced result: Matched(sbt.plugins.CorePlugin,sbt.plugins.Giter8TemplatePlugin,sbt.plugins.IvyPlugin,sbt.plugins.JvmPlugin,sbt.plugins.MiniDependencyTreePlugin,sbt.plugins.JUnitXmlReportPlugin,sbt.plugins.SemanticdbPlugin)
[debug] Plugins.deducer#function took 3.7102 ms
[info] loading settings for project lab_5-build from idea1.sbt ...
[debug]               Load.resolveProject(lab_5-build) took 4.3625ms
[debug]             Load.loadTransitive: finalizeProject(Project(id lab_5-build, base: D:\Yelizaveta\Учеба\Lab_5\project, plugins: List(<none>))) took 8.7907ms
[debug] [Loading] Done in D:\Yelizaveta\Учеба\Lab_5\project, returning: (lab_5-build)
[debug]           Load.loadUnit: loadedProjectsRaw took 101.2581ms
[debug]           Load.loadUnit: cleanEvalClasses took 3.3506ms
[debug]         Load.loadUnit(file:/D:/Yelizaveta/Учеба/Lab_5/project/, ...) took 126.391ms
[debug]       Load.apply: load took 128.1751ms
[debug]       Load.apply: resolveProjects took 0.2098ms
[debug]       Load.apply: finalTransforms took 26.0302ms
[debug]       Load.apply: config.delegates took 0.2682ms
[debug]       Load.apply: Def.make(settings)... took 78.9277ms
[debug]       Load.apply: structureIndex took 25.6087ms
[debug]       Load.apply: mkStreams took 0.0026ms
[info] loading project definition from D:\Yelizaveta\Учеба\Lab_5\project
[debug] Running task... Cancel: Signal, check cycles: false, forcegc: true
[debug]     Load.loadUnit: plugins took 452.0928ms
[debug]     Load.loadUnit: defsScala took 0.0026ms
[debug] [Loading] Scanning directory D:\Yelizaveta\Учеба\Lab_5
[debug]       Load.loadUnit: mkEval took 0.2289ms
[debug] [Loading] Found non-root projects 
[debug] [Loading] Done in D:\Yelizaveta\Учеба\Lab_5, returning: ()
[debug] deducing auto plugins based on known facts Set(Atom(sbt.plugins.CorePlugin)) and clauses Clauses(Clause(Atom(sbt.plugins.JvmPlugin),Set(Atom(sbt.plugins.IvyPlugin)))
[debug] Clause(Atom(sbt.ScriptedPlugin),Set(Atom(sbt.plugins.JvmPlugin)))
[debug] Clause(Atom(sbt.plugins.SbtPlugin),Set(Atom(sbt.ScriptedPlugin)))
[debug] Clause(Atom(sbt.plugins.SemanticdbPlugin),Set(Atom(sbt.plugins.JvmPlugin)))
[debug] Clause(Atom(sbt.plugins.JUnitXmlReportPlugin),Set(Atom(sbt.plugins.JvmPlugin)))
[debug] Clause(Atom(sbt.plugins.MiniDependencyTreePlugin),Set(Atom(sbt.plugins.JvmPlugin)))
[debug] Clause(Atom(org.jetbrains.sbt.StructurePlugin),Set(Atom(sbt.plugins.JvmPlugin)))
[debug] Clause(Atom(org.jetbrains.sbt.IdeaShellPlugin),Set(Atom(sbt.plugins.JvmPlugin)))
[debug] Clause(Atom(org.jetbrains.sbt.indices.SbtIntellijIndicesPlugin),Set(Atom(sbt.plugins.JvmPlugin)))
[debug] Clause(Atom(sbt.plugins.CorePlugin),Set(Atom(sbt.plugins.IvyPlugin)))
[debug] Clause(Atom(sbt.plugins.IvyPlugin),Set(Atom(sbt.plugins.JvmPlugin)))
[debug] Clause(Atom(sbt.plugins.JvmPlugin),Set(Atom(sbt.plugins.SemanticdbPlugin)))
[debug] Clause(Atom(sbt.plugins.JvmPlugin),Set(Atom(sbt.plugins.JUnitXmlReportPlugin)))
[debug] Clause(Atom(sbt.plugins.CorePlugin),Set(Atom(sbt.plugins.Giter8TemplatePlugin)))
[debug] Clause(Atom(sbt.plugins.JvmPlugin),Set(Atom(sbt.plugins.MiniDependencyTreePlugin)))
[debug] Clause(Atom(sbt.plugins.JvmPlugin),Set(Atom(org.jetbrains.sbt.StructurePlugin)))
[debug] Clause(Atom(sbt.plugins.JvmPlugin),Set(Atom(org.jetbrains.sbt.IdeaShellPlugin)))
[debug] Clause(And(Set(Atom(sbt.plugins.CorePlugin), Atom(sbt.plugins.JvmPlugin))),Set(Atom(org.jetbrains.sbt.indices.SbtIntellijIndicesPlugin))))
[debug]   :: deduced result: Matched(sbt.plugins.CorePlugin,sbt.plugins.Giter8TemplatePlugin,sbt.plugins.IvyPlugin,sbt.plugins.JvmPlugin,sbt.plugins.SemanticdbPlugin,org.jetbrains.sbt.indices.SbtIntellijIndicesPlugin,sbt.plugins.JUnitXmlReportPlugin,org.jetbrains.sbt.IdeaShellPlugin,org.jetbrains.sbt.StructurePlugin,sbt.plugins.MiniDependencyTreePlugin)
[debug] Plugins.deducer#function took 3.1127 ms
[info] loading settings for project lab_5 from build.sbt ...
[debug]         Load.resolveProject(lab_5) took 29.057ms
[debug]       Load.loadTransitive: finalizeProject(Project(id lab_5, base: D:\Yelizaveta\Учеба\Lab_5, plugins: List(<none>))) took 33.5127ms
[debug] [Loading] Done in D:\Yelizaveta\Учеба\Lab_5, returning: (lab_5)
[debug]     Load.loadUnit: loadedProjectsRaw took 75.8107ms
[debug]     Load.loadUnit: cleanEvalClasses took 4.633ms
[debug]   Load.loadUnit(file:/D:/Yelizaveta/Учеба/Lab_5/, ...) took 533.1325ms
[debug] Load.apply: load took 536.3735ms
[debug] Load.apply: resolveProjects took 0.1002ms
[debug] Load.apply: finalTransforms took 20.5369ms
[debug] Load.apply: config.delegates took 0.2438ms
[debug] Load.apply: Def.make(settings)... took 65.8941ms
[debug] Load.apply: structureIndex took 21.8157ms
[debug] Load.apply: mkStreams took 0.003ms
[info] set current project to Lab_5 (in build file:/D:/Yelizaveta/Учеба/Lab_5/)
[debug] > Exec(sbtPopOnFailure, None, None)
[debug] > Exec(resumeFromFailure, None, None)
[debug] > Exec(notifyUsersAboutShell, None, None)
[debug] > Exec(iflast shell, None, None)
[debug] > Exec(; set ideaPort in Global := 59006 ; idea-shell, None, None)
[debug] > Exec(set ideaPort in Global := 59006, None, None)
[info] Defining Global / ideaPort
[info] The new value will be used by Compile / compile, Test / compile
[debug] Defining 
[debug] 	Global / ideaPort
[debug] 
[debug] The new value will be used by 
[debug] 	Compile / compile
[debug] 	Test / compile
[info] Reapplying settings...
[info] set current project to Lab_5 (in build file:/D:/Yelizaveta/Учеба/Lab_5/)
[debug] > Exec(idea-shell, None, None)
